android/app/build/intermediates/manifest_merge_blame_file/debug/manifest-merger-blame-debug-report.txt
1<?xml version="1.0" encoding="utf-8"?>
2<manifest xmlns:android="http://schemas.android.com/apk/res/android"
3    package="com.continentalassitapp"
4    android:versionCode="208"
5    android:versionName="2.1.7" >
6
7    <uses-sdk
8        android:minSdkVersion="21"
9        android:targetSdkVersion="34" />
10
11    <uses-permission android:name="android.permission.INTERNET" />
11-->src/main/AndroidManifest.xml:3:5-67
11-->src/main/AndroidManifest.xml:3:22-64
12    <uses-permission android:name="android.permission.ACCESS_FINE_LOCATION" />
12-->src/main/AndroidManifest.xml:4:5-79
12-->src/main/AndroidManifest.xml:4:22-76
13    <uses-permission android:name="android.permission.ACCESS_COARSE_LOCATION" />
13-->src/main/AndroidManifest.xml:5:5-81
13-->src/main/AndroidManifest.xml:5:22-78
14    <uses-permission android:name="android.permission.CAMERA" />
14-->src/main/AndroidManifest.xml:6:5-65
14-->src/main/AndroidManifest.xml:6:22-62
15    <uses-permission android:name="android.permission.WRITE_EXTERNAL_STORAGE" />
15-->src/main/AndroidManifest.xml:7:5-80
15-->src/main/AndroidManifest.xml:7:22-78
16    <uses-permission android:name="android.permission.SYSTEM_ALERT_WINDOW" />
16-->src/main/AndroidManifest.xml:8:5-77
16-->src/main/AndroidManifest.xml:8:22-75
17    <uses-permission android:name="android.permission.READ_EXTERNAL_STORAGE" />
17-->src/main/AndroidManifest.xml:9:5-80
17-->src/main/AndroidManifest.xml:9:22-77
18    <uses-permission android:name="android.permission.DOWNLOAD_WITHOUT_NOTIFICATION" />
18-->src/main/AndroidManifest.xml:10:5-88
18-->src/main/AndroidManifest.xml:10:22-85
19    <uses-permission android:name="android.permission.ACCESS_NETWORK_STATE" />
19-->src/main/AndroidManifest.xml:11:5-79
19-->src/main/AndroidManifest.xml:11:22-76
20    <uses-permission android:name="android.permission.ACCESS_WIFI_STATE" />
20-->[:react-native-community_netinfo] AndroidManifest.xml:8:5-76
20-->[:react-native-community_netinfo] AndroidManifest.xml:8:22-73
21    <!--
22         Required to keep CPU alive while downloading files
23        (NOT to keep screen awake)
24    -->
25    <uses-permission android:name="android.permission.WAKE_LOCK" />
25-->[:react-native-blob-util] AndroidManifest.xml:14:5-68
25-->[:react-native-blob-util] AndroidManifest.xml:14:22-65
26
27    <permission
27-->[androidx.core:core:1.9.0] AndroidManifest.xml:22:5-24:47
28        android:name="com.continentalassitapp.DYNAMIC_RECEIVER_NOT_EXPORTED_PERMISSION"
28-->[androidx.core:core:1.9.0] AndroidManifest.xml:23:9-81
29        android:protectionLevel="signature" />
29-->[androidx.core:core:1.9.0] AndroidManifest.xml:24:9-44
30
31    <uses-permission android:name="com.continentalassitapp.DYNAMIC_RECEIVER_NOT_EXPORTED_PERMISSION" /> <!-- <uses-permission android:name="android.permission.SYSTEM_ALERT_WINDOW"/> -->
31-->[androidx.core:core:1.9.0] AndroidManifest.xml:26:5-97
31-->[androidx.core:core:1.9.0] AndroidManifest.xml:26:22-94
32    <application
32-->src/main/AndroidManifest.xml:14:5-34:19
33        android:name="com.continentalassitapp.MainApplication"
33-->src/main/AndroidManifest.xml:15:7-38
34        android:allowBackup="false"
34-->src/main/AndroidManifest.xml:19:7-34
35        android:appComponentFactory="androidx.core.app.CoreComponentFactory"
35-->[androidx.core:core:1.9.0] AndroidManifest.xml:28:18-86
36        android:debuggable="true"
37        android:extractNativeLibs="true"
38        android:icon="@mipmap/ic_launcher"
38-->src/main/AndroidManifest.xml:17:7-41
39        android:label="@string/app_name"
39-->src/main/AndroidManifest.xml:16:7-39
40        android:roundIcon="@mipmap/ic_launcher_round"
40-->src/main/AndroidManifest.xml:18:7-52
41        android:theme="@style/AppTheme"
41-->src/main/AndroidManifest.xml:20:7-38
42        android:usesCleartextTraffic="true" >
42-->src/debug/AndroidManifest.xml:8:9-44
43        <activity
43-->src/main/AndroidManifest.xml:21:7-33:18
44            android:name="com.continentalassitapp.MainActivity"
44-->src/main/AndroidManifest.xml:22:9-37
45            android:configChanges="keyboard|keyboardHidden|orientation|screenLayout|screenSize|smallestScreenSize|uiMode"
45-->src/main/AndroidManifest.xml:24:9-118
46            android:exported="true"
46-->src/main/AndroidManifest.xml:27:9-32
47            android:label="@string/app_name"
47-->src/main/AndroidManifest.xml:23:9-41
48            android:launchMode="singleTask"
48-->src/main/AndroidManifest.xml:25:9-40
49            android:windowSoftInputMode="adjustResize" >
49-->src/main/AndroidManifest.xml:26:9-51
50            <intent-filter>
50-->src/main/AndroidManifest.xml:28:9-32:25
51                <action android:name="android.intent.action.MAIN" />
51-->src/main/AndroidManifest.xml:29:13-65
51-->src/main/AndroidManifest.xml:29:21-62
52
53                <category android:name="android.intent.category.LAUNCHER" />
53-->src/main/AndroidManifest.xml:30:13-73
53-->src/main/AndroidManifest.xml:30:23-70
54
55                <action android:name="android.intent.action.DOWNLOAD_COMPLETE" />
55-->src/main/AndroidManifest.xml:31:13-77
55-->src/main/AndroidManifest.xml:31:21-75
56            </intent-filter>
57        </activity>
58
59        <provider
59-->[:react-native-blob-util] AndroidManifest.xml:35:9-43:20
60            android:name="com.ReactNativeBlobUtil.Utils.FileProvider"
60-->[:react-native-blob-util] AndroidManifest.xml:36:13-70
61            android:authorities="com.continentalassitapp.provider"
61-->[:react-native-blob-util] AndroidManifest.xml:37:13-60
62            android:exported="false"
62-->[:react-native-blob-util] AndroidManifest.xml:38:13-37
63            android:grantUriPermissions="true" >
63-->[:react-native-blob-util] AndroidManifest.xml:39:13-47
64            <meta-data
64-->[:react-native-blob-util] AndroidManifest.xml:40:13-42:58
65                android:name="android.support.FILE_PROVIDER_PATHS"
65-->[:react-native-blob-util] AndroidManifest.xml:41:17-67
66                android:resource="@xml/provider_paths" />
66-->[:react-native-blob-util] AndroidManifest.xml:42:17-55
67        </provider>
68        <provider
68-->[:react-native-image-picker] AndroidManifest.xml:8:9-16:20
69            android:name="com.imagepicker.ImagePickerProvider"
69-->[:react-native-image-picker] AndroidManifest.xml:9:13-63
70            android:authorities="com.continentalassitapp.imagepickerprovider"
70-->[:react-native-image-picker] AndroidManifest.xml:10:13-71
71            android:exported="false"
71-->[:react-native-image-picker] AndroidManifest.xml:11:13-37
72            android:grantUriPermissions="true" >
72-->[:react-native-image-picker] AndroidManifest.xml:12:13-47
73            <meta-data
73-->[:react-native-blob-util] AndroidManifest.xml:40:13-42:58
74                android:name="android.support.FILE_PROVIDER_PATHS"
74-->[:react-native-blob-util] AndroidManifest.xml:41:17-67
75                android:resource="@xml/imagepicker_provider_paths" />
75-->[:react-native-blob-util] AndroidManifest.xml:42:17-55
76        </provider>
77
78        <activity
78-->[com.facebook.react:react-android:0.73.1] AndroidManifest.xml:19:9-21:40
79            android:name="com.facebook.react.devsupport.DevSettingsActivity"
79-->[com.facebook.react:react-android:0.73.1] AndroidManifest.xml:20:13-77
80            android:exported="false" />
80-->[com.facebook.react:react-android:0.73.1] AndroidManifest.xml:21:13-37
81        <activity
81-->[com.google.android.gms:play-services-base:17.5.0] AndroidManifest.xml:23:9-26:75
82            android:name="com.google.android.gms.common.api.GoogleApiActivity"
82-->[com.google.android.gms:play-services-base:17.5.0] AndroidManifest.xml:24:13-79
83            android:exported="false"
83-->[com.google.android.gms:play-services-base:17.5.0] AndroidManifest.xml:25:13-37
84            android:theme="@android:style/Theme.Translucent.NoTitleBar" />
84-->[com.google.android.gms:play-services-base:17.5.0] AndroidManifest.xml:26:13-72
85
86        <meta-data
86-->[com.google.android.gms:play-services-basement:17.5.0] AndroidManifest.xml:23:9-25:69
87            android:name="com.google.android.gms.version"
87-->[com.google.android.gms:play-services-basement:17.5.0] AndroidManifest.xml:24:13-58
88            android:value="@integer/google_play_services_version" />
88-->[com.google.android.gms:play-services-basement:17.5.0] AndroidManifest.xml:25:13-66
89
90        <provider
90-->[androidx.emoji2:emoji2:1.2.0] AndroidManifest.xml:24:9-32:20
91            android:name="androidx.startup.InitializationProvider"
91-->[androidx.emoji2:emoji2:1.2.0] AndroidManifest.xml:25:13-67
92            android:authorities="com.continentalassitapp.androidx-startup"
92-->[androidx.emoji2:emoji2:1.2.0] AndroidManifest.xml:26:13-68
93            android:exported="false" >
93-->[androidx.emoji2:emoji2:1.2.0] AndroidManifest.xml:27:13-37
94            <meta-data
94-->[androidx.emoji2:emoji2:1.2.0] AndroidManifest.xml:29:13-31:52
95                android:name="androidx.emoji2.text.EmojiCompatInitializer"
95-->[androidx.emoji2:emoji2:1.2.0] AndroidManifest.xml:30:17-75
96                android:value="androidx.startup" />
96-->[androidx.emoji2:emoji2:1.2.0] AndroidManifest.xml:31:17-49
97            <meta-data
97-->[androidx.lifecycle:lifecycle-process:2.4.1] AndroidManifest.xml:31:13-33:52
98                android:name="androidx.lifecycle.ProcessLifecycleInitializer"
98-->[androidx.lifecycle:lifecycle-process:2.4.1] AndroidManifest.xml:32:17-78
99                android:value="androidx.startup" />
99-->[androidx.lifecycle:lifecycle-process:2.4.1] AndroidManifest.xml:33:17-49
100        </provider>
101
102        <meta-data
102-->[com.facebook.soloader:soloader:0.10.5] AndroidManifest.xml:12:9-14:37
103            android:name="com.facebook.soloader.enabled"
103-->[com.facebook.soloader:soloader:0.10.5] AndroidManifest.xml:13:13-57
104            android:value="false" />
104-->[com.facebook.soloader:soloader:0.10.5] AndroidManifest.xml:14:13-34
105    </application>
106
107</manifest>